<?xml version="1.0" encoding="UTF-8"?>
<testsuite name="tests.JUnit5Examples" tests="2" skipped="0" failures="0" errors="0" timestamp="2022-06-07T08:44:41" hostname="DESKTOP-39NMV8U" time="0.032">
  <properties/>
  <testcase name="firstTest()" classname="tests.JUnit5Examples" time="0.028"/>
  <testcase name="secondTest()" classname="tests.JUnit5Examples" time="0.002"/>
  <system-out><![CDATA[==This before all tests
===This before each test
=====Started firstTest
===This before each test
=====Started secondTest
==This after all tests
]]></system-out>
  <system-err><![CDATA[]]></system-err>
</testsuite>
